0 info it worked if it ends with ok
1 verbose cli [ '/usr/bin/node',
1 verbose cli   '/usr/bin/npm',
1 verbose cli   'install',
1 verbose cli   'webpack',
1 verbose cli   'webpack-cli',
1 verbose cli   '--save-dev' ]
2 info using npm@3.5.2
3 info using node@v8.10.0
4 silly loadCurrentTree Starting
5 silly install loadCurrentTree
6 silly install readLocalPackageData
7 silly fetchPackageMetaData webpack
8 silly fetchPackageMetaData webpack-cli
9 silly fetchNamedPackageData webpack
10 silly mapToRegistry name webpack
11 silly mapToRegistry using default registry
12 silly mapToRegistry registry https://registry.npmjs.org/
13 silly mapToRegistry uri https://registry.npmjs.org/webpack
14 silly fetchNamedPackageData webpack-cli
15 silly mapToRegistry name webpack-cli
16 silly mapToRegistry using default registry
17 silly mapToRegistry registry https://registry.npmjs.org/
18 silly mapToRegistry uri https://registry.npmjs.org/webpack-cli
19 verbose request uri https://registry.npmjs.org/webpack-cli
20 verbose request no auth needed
21 info attempt registry request try #1 at 9:20:49 PM
22 verbose request id 618171d5d5cbec77
23 verbose etag W/"1afeb3399b089b1e30ac2c881bd729f0"
24 verbose lastModified Fri, 12 Jul 2024 22:21:30 GMT
25 http request GET https://registry.npmjs.org/webpack-cli
26 verbose request uri https://registry.npmjs.org/webpack
27 verbose request no auth needed
28 info attempt registry request try #1 at 9:20:50 PM
29 verbose etag W/"c38ee08e3aca07f9351154336e8750f5"
30 verbose lastModified Wed, 25 Sep 2024 14:20:19 GMT
31 http request GET https://registry.npmjs.org/webpack
32 http 304 https://registry.npmjs.org/webpack
33 verbose headers { date: 'Mon, 28 Oct 2024 21:20:50 GMT',
33 verbose headers   connection: 'keep-alive',
33 verbose headers   'cf-ray': '8d9df8dd8a8105fc-IAD',
33 verbose headers   'cf-cache-status': 'HIT',
33 verbose headers   'access-control-allow-origin': '*',
33 verbose headers   age: '13',
33 verbose headers   'cache-control': 'public, max-age=300',
33 verbose headers   etag: '"c38ee08e3aca07f9351154336e8750f5"',
33 verbose headers   'last-modified': 'Wed, 25 Sep 2024 14:20:19 GMT',
33 verbose headers   vary: 'Accept-Encoding',
33 verbose headers   server: 'cloudflare' }
34 silly get cb [ 304,
34 silly get   { date: 'Mon, 28 Oct 2024 21:20:50 GMT',
34 silly get     connection: 'keep-alive',
34 silly get     'cf-ray': '8d9df8dd8a8105fc-IAD',
34 silly get     'cf-cache-status': 'HIT',
34 silly get     'access-control-allow-origin': '*',
34 silly get     age: '13',
34 silly get     'cache-control': 'public, max-age=300',
34 silly get     etag: '"c38ee08e3aca07f9351154336e8750f5"',
34 silly get     'last-modified': 'Wed, 25 Sep 2024 14:20:19 GMT',
34 silly get     vary: 'Accept-Encoding',
34 silly get     server: 'cloudflare' } ]
35 verbose etag https://registry.npmjs.org/webpack from cache
36 verbose get saving webpack to /root/.npm/registry.npmjs.org/webpack/.cache.json
37 http 304 https://registry.npmjs.org/webpack-cli
38 verbose headers { date: 'Mon, 28 Oct 2024 21:20:50 GMT',
38 verbose headers   connection: 'keep-alive',
38 verbose headers   'cf-ray': '8d9df8dda95f188d-EWR',
38 verbose headers   'cf-cache-status': 'HIT',
38 verbose headers   'access-control-allow-origin': '*',
38 verbose headers   age: '144',
38 verbose headers   'cache-control': 'public, max-age=300',
38 verbose headers   etag: '"1afeb3399b089b1e30ac2c881bd729f0"',
38 verbose headers   'last-modified': 'Fri, 12 Jul 2024 22:21:30 GMT',
38 verbose headers   vary: 'Accept-Encoding',
38 verbose headers   server: 'cloudflare' }
39 silly get cb [ 304,
39 silly get   { date: 'Mon, 28 Oct 2024 21:20:50 GMT',
39 silly get     connection: 'keep-alive',
39 silly get     'cf-ray': '8d9df8dda95f188d-EWR',
39 silly get     'cf-cache-status': 'HIT',
39 silly get     'access-control-allow-origin': '*',
39 silly get     age: '144',
39 silly get     'cache-control': 'public, max-age=300',
39 silly get     etag: '"1afeb3399b089b1e30ac2c881bd729f0"',
39 silly get     'last-modified': 'Fri, 12 Jul 2024 22:21:30 GMT',
39 silly get     vary: 'Accept-Encoding',
39 silly get     server: 'cloudflare' } ]
40 verbose etag https://registry.npmjs.org/webpack-cli from cache
41 verbose get saving webpack-cli to /root/.npm/registry.npmjs.org/webpack-cli/.cache.json
42 silly install normalizeTree
43 silly loadCurrentTree Finishing
44 silly loadIdealTree Starting
45 silly install loadIdealTree
46 silly cloneCurrentTree Starting
47 silly install cloneCurrentTreeToIdealTree
48 silly cloneCurrentTree Finishing
49 silly loadShrinkwrap Starting
50 silly install loadShrinkwrap
51 silly loadShrinkwrap Finishing
52 silly loadAllDepsIntoIdealTree Starting
53 silly install loadAllDepsIntoIdealTree
54 silly resolveWithNewModule webpack-cli@5.1.4 checking installable status
55 silly cache add args [ 'webpack-cli', null ]
56 verbose cache add spec webpack-cli
57 silly resolveWithNewModule webpack@5.95.0 checking installable status
58 silly cache add args [ 'webpack', null ]
59 verbose cache add spec webpack
60 silly cache add parsed spec Result {
60 silly cache add   raw: 'webpack-cli',
60 silly cache add   scope: null,
60 silly cache add   name: 'webpack-cli',
60 silly cache add   rawSpec: '',
60 silly cache add   spec: 'latest',
60 silly cache add   type: 'tag' }
61 silly addNamed webpack-cli@latest
62 verbose addNamed "latest" is being treated as a dist-tag for webpack-cli
63 info addNameTag [ 'webpack-cli', 'latest' ]
64 silly mapToRegistry name webpack-cli
65 silly mapToRegistry using default registry
66 silly mapToRegistry registry https://registry.npmjs.org/
67 silly mapToRegistry uri https://registry.npmjs.org/webpack-cli
68 verbose addNameTag registry:https://registry.npmjs.org/webpack-cli not in flight; fetching
69 silly cache add parsed spec Result {
69 silly cache add   raw: 'webpack',
69 silly cache add   scope: null,
69 silly cache add   name: 'webpack',
69 silly cache add   rawSpec: '',
69 silly cache add   spec: 'latest',
69 silly cache add   type: 'tag' }
70 silly addNamed webpack@latest
71 verbose addNamed "latest" is being treated as a dist-tag for webpack
72 info addNameTag [ 'webpack', 'latest' ]
73 silly mapToRegistry name webpack
74 silly mapToRegistry using default registry
75 silly mapToRegistry registry https://registry.npmjs.org/
76 silly mapToRegistry uri https://registry.npmjs.org/webpack
77 verbose addNameTag registry:https://registry.npmjs.org/webpack not in flight; fetching
78 verbose get https://registry.npmjs.org/webpack-cli not expired, no request
79 silly addNameTag next cb for webpack-cli with tag latest
80 silly addNamed webpack-cli@5.1.4
81 verbose addNamed "5.1.4" is a plain semver version for webpack-cli
82 verbose get https://registry.npmjs.org/webpack not expired, no request
83 silly addNameTag next cb for webpack with tag latest
84 silly addNamed webpack@5.95.0
85 verbose addNamed "5.95.0" is a plain semver version for webpack
86 silly cache afterAdd webpack-cli@5.1.4
87 verbose afterAdd /root/.npm/webpack-cli/5.1.4/package/package.json not in flight; writing
88 silly cache afterAdd webpack@5.95.0
89 verbose afterAdd /root/.npm/webpack/5.95.0/package/package.json not in flight; writing
90 verbose afterAdd /root/.npm/webpack/5.95.0/package/package.json written
91 verbose afterAdd /root/.npm/webpack-cli/5.1.4/package/package.json written
92 silly fetchNamedPackageData @types/estree
93 silly mapToRegistry name @types/estree
94 silly mapToRegistry scope (from package name) @types
95 verbose mapToRegistry no registry URL found in name for scope @types
96 silly mapToRegistry using default registry
97 silly mapToRegistry registry https://registry.npmjs.org/
98 silly mapToRegistry uri https://registry.npmjs.org/@types%2festree
99 silly fetchNamedPackageData @webassemblyjs/ast
100 silly mapToRegistry name @webassemblyjs/ast
101 silly mapToRegistry scope (from package name) @webassemblyjs
102 verbose mapToRegistry no registry URL found in name for scope @webassemblyjs
103 silly mapToRegistry using default registry
104 silly mapToRegistry registry https://registry.npmjs.org/
105 silly mapToRegistry uri https://registry.npmjs.org/@webassemblyjs%2fast
106 silly fetchNamedPackageData @webassemblyjs/wasm-edit
107 silly mapToRegistry name @webassemblyjs/wasm-edit
108 silly mapToRegistry scope (from package name) @webassemblyjs
109 verbose mapToRegistry no registry URL found in name for scope @webassemblyjs
110 silly mapToRegistry using default registry
111 silly mapToRegistry registry https://registry.npmjs.org/
112 silly mapToRegistry uri https://registry.npmjs.org/@webassemblyjs%2fwasm-edit
113 silly fetchNamedPackageData @webassemblyjs/wasm-parser
114 silly mapToRegistry name @webassemblyjs/wasm-parser
115 silly mapToRegistry scope (from package name) @webassemblyjs
116 verbose mapToRegistry no registry URL found in name for scope @webassemblyjs
117 silly mapToRegistry using default registry
118 silly mapToRegistry registry https://registry.npmjs.org/
119 silly mapToRegistry uri https://registry.npmjs.org/@webassemblyjs%2fwasm-parser
120 silly fetchNamedPackageData acorn
121 silly mapToRegistry name acorn
122 silly mapToRegistry using default registry
123 silly mapToRegistry registry https://registry.npmjs.org/
124 silly mapToRegistry uri https://registry.npmjs.org/acorn
125 silly fetchNamedPackageData acorn-import-attributes
126 silly mapToRegistry name acorn-import-attributes
127 silly mapToRegistry using default registry
128 silly mapToRegistry registry https://registry.npmjs.org/
129 silly mapToRegistry uri https://registry.npmjs.org/acorn-import-attributes
130 silly fetchNamedPackageData browserslist
131 silly mapToRegistry name browserslist
132 silly mapToRegistry using default registry
133 silly mapToRegistry registry https://registry.npmjs.org/
134 silly mapToRegistry uri https://registry.npmjs.org/browserslist
135 silly fetchNamedPackageData chrome-trace-event
136 silly mapToRegistry name chrome-trace-event
137 silly mapToRegistry using default registry
138 silly mapToRegistry registry https://registry.npmjs.org/
139 silly mapToRegistry uri https://registry.npmjs.org/chrome-trace-event
140 silly fetchNamedPackageData enhanced-resolve
141 silly mapToRegistry name enhanced-resolve
142 silly mapToRegistry using default registry
143 silly mapToRegistry registry https://registry.npmjs.org/
144 silly mapToRegistry uri https://registry.npmjs.org/enhanced-resolve
145 silly fetchNamedPackageData es-module-lexer
146 silly mapToRegistry name es-module-lexer
147 silly mapToRegistry using default registry
148 silly mapToRegistry registry https://registry.npmjs.org/
149 silly mapToRegistry uri https://registry.npmjs.org/es-module-lexer
150 silly fetchNamedPackageData eslint-scope
151 silly mapToRegistry name eslint-scope
152 silly mapToRegistry using default registry
153 silly mapToRegistry registry https://registry.npmjs.org/
154 silly mapToRegistry uri https://registry.npmjs.org/eslint-scope
155 silly fetchNamedPackageData events
156 silly mapToRegistry name events
157 silly mapToRegistry using default registry
158 silly mapToRegistry registry https://registry.npmjs.org/
159 silly mapToRegistry uri https://registry.npmjs.org/events
160 silly fetchNamedPackageData glob-to-regexp
161 silly mapToRegistry name glob-to-regexp
162 silly mapToRegistry using default registry
163 silly mapToRegistry registry https://registry.npmjs.org/
164 silly mapToRegistry uri https://registry.npmjs.org/glob-to-regexp
165 silly fetchNamedPackageData graceful-fs
166 silly mapToRegistry name graceful-fs
167 silly mapToRegistry using default registry
168 silly mapToRegistry registry https://registry.npmjs.org/
169 silly mapToRegistry uri https://registry.npmjs.org/graceful-fs
170 silly fetchNamedPackageData json-parse-even-better-errors
171 silly mapToRegistry name json-parse-even-better-errors
172 silly mapToRegistry using default registry
173 silly mapToRegistry registry https://registry.npmjs.org/
174 silly mapToRegistry uri https://registry.npmjs.org/json-parse-even-better-errors
175 silly fetchNamedPackageData loader-runner
176 silly mapToRegistry name loader-runner
177 silly mapToRegistry using default registry
178 silly mapToRegistry registry https://registry.npmjs.org/
179 silly mapToRegistry uri https://registry.npmjs.org/loader-runner
180 silly fetchNamedPackageData mime-types
181 silly mapToRegistry name mime-types
182 silly mapToRegistry using default registry
183 silly mapToRegistry registry https://registry.npmjs.org/
184 silly mapToRegistry uri https://registry.npmjs.org/mime-types
185 silly fetchNamedPackageData neo-async
186 silly mapToRegistry name neo-async
187 silly mapToRegistry using default registry
188 silly mapToRegistry registry https://registry.npmjs.org/
189 silly mapToRegistry uri https://registry.npmjs.org/neo-async
190 silly fetchNamedPackageData schema-utils
191 silly mapToRegistry name schema-utils
192 silly mapToRegistry using default registry
193 silly mapToRegistry registry https://registry.npmjs.org/
194 silly mapToRegistry uri https://registry.npmjs.org/schema-utils
195 silly fetchNamedPackageData tapable
196 silly mapToRegistry name tapable
197 silly mapToRegistry using default registry
198 silly mapToRegistry registry https://registry.npmjs.org/
199 silly mapToRegistry uri https://registry.npmjs.org/tapable
200 silly fetchNamedPackageData terser-webpack-plugin
201 silly mapToRegistry name terser-webpack-plugin
202 silly mapToRegistry using default registry
203 silly mapToRegistry registry https://registry.npmjs.org/
204 silly mapToRegistry uri https://registry.npmjs.org/terser-webpack-plugin
205 silly fetchNamedPackageData watchpack
206 silly mapToRegistry name watchpack
207 silly mapToRegistry using default registry
208 silly mapToRegistry registry https://registry.npmjs.org/
209 silly mapToRegistry uri https://registry.npmjs.org/watchpack
210 silly fetchNamedPackageData webpack-sources
211 silly mapToRegistry name webpack-sources
212 silly mapToRegistry using default registry
213 silly mapToRegistry registry https://registry.npmjs.org/
214 silly mapToRegistry uri https://registry.npmjs.org/webpack-sources
215 verbose request uri https://registry.npmjs.org/@types%2festree
216 verbose request no auth needed
217 info attempt registry request try #1 at 9:20:56 PM
218 verbose etag W/"62c9ed9ee351ed3aa6bbd0f1cbb81b6e"
219 verbose lastModified Wed, 18 Sep 2024 09:37:10 GMT
220 http request GET https://registry.npmjs.org/@types%2festree
221 verbose request uri https://registry.npmjs.org/@webassemblyjs%2fast
222 verbose request no auth needed
223 info attempt registry request try #1 at 9:20:56 PM
224 verbose etag W/"9faab0b48285a34adda9543ed4194d9c"
225 verbose lastModified Wed, 13 Mar 2024 10:19:16 GMT
226 http request GET https://registry.npmjs.org/@webassemblyjs%2fast
227 verbose request uri https://registry.npmjs.org/@webassemblyjs%2fwasm-edit
228 verbose request no auth needed
229 info attempt registry request try #1 at 9:20:56 PM
230 verbose etag W/"9a0106fa7d90b4aea49822cb4c6c0330"
231 verbose lastModified Wed, 13 Mar 2024 10:19:25 GMT
232 http request GET https://registry.npmjs.org/@webassemblyjs%2fwasm-edit
233 verbose request uri https://registry.npmjs.org/@webassemblyjs%2fwasm-parser
234 verbose request no auth needed
235 info attempt registry request try #1 at 9:20:56 PM
236 verbose etag W/"d722c32a51e64cd2f857e54b2836112d"
237 verbose lastModified Wed, 13 Mar 2024 10:19:19 GMT
238 http request GET https://registry.npmjs.org/@webassemblyjs%2fwasm-parser
239 verbose request uri https://registry.npmjs.org/acorn
240 verbose request no auth needed
241 info attempt registry request try #1 at 9:20:56 PM
242 verbose etag W/"cac53bbced362e6bc72255b18052dcfb"
243 verbose lastModified Sun, 27 Oct 2024 11:23:51 GMT
244 http request GET https://registry.npmjs.org/acorn
245 verbose request uri https://registry.npmjs.org/acorn-import-attributes
246 verbose request no auth needed
247 info attempt registry request try #1 at 9:20:56 PM
248 verbose etag W/"6abddba0fbf2caf2f939bdd5c998320c"
249 verbose lastModified Fri, 29 Mar 2024 09:47:29 GMT
250 http request GET https://registry.npmjs.org/acorn-import-attributes
251 verbose request uri https://registry.npmjs.org/browserslist
252 verbose request no auth needed
253 info attempt registry request try #1 at 9:20:56 PM
254 verbose etag W/"09fe0b1875ea13fed0fb4d81df4cc63a"
255 verbose lastModified Mon, 21 Oct 2024 22:10:30 GMT
256 http request GET https://registry.npmjs.org/browserslist
257 verbose request uri https://registry.npmjs.org/chrome-trace-event
258 verbose request no auth needed
259 info attempt registry request try #1 at 9:20:56 PM
260 verbose etag W/"7767ce0a2557f667d5da914caef64c1a"
261 verbose lastModified Wed, 29 May 2024 16:40:57 GMT
262 http request GET https://registry.npmjs.org/chrome-trace-event
263 verbose request uri https://registry.npmjs.org/enhanced-resolve
264 verbose request no auth needed
265 info attempt registry request try #1 at 9:20:57 PM
266 verbose etag W/"f506bcb766ecafefa1a29101a1b8fd19"
267 verbose lastModified Tue, 23 Jul 2024 14:18:56 GMT
268 http request GET https://registry.npmjs.org/enhanced-resolve
269 verbose request uri https://registry.npmjs.org/es-module-lexer
270 verbose request no auth needed
271 info attempt registry request try #1 at 9:20:57 PM
272 verbose etag W/"58890bce56546e66f2fe8c12171e8811"
273 verbose lastModified Mon, 24 Jun 2024 05:05:09 GMT
274 http request GET https://registry.npmjs.org/es-module-lexer
275 verbose request uri https://registry.npmjs.org/eslint-scope
276 verbose request no auth needed
277 info attempt registry request try #1 at 9:20:57 PM
278 verbose etag W/"96719cb28ee7aa21161a3fd825937ab2"
279 verbose lastModified Fri, 27 Sep 2024 14:55:53 GMT
280 http request GET https://registry.npmjs.org/eslint-scope
281 verbose request uri https://registry.npmjs.org/events
282 verbose request no auth needed
283 info attempt registry request try #1 at 9:20:57 PM
284 verbose etag W/"241e54bd2af2d6c94588ce14c1d2fd23"
285 verbose lastModified Wed, 12 Jul 2023 19:04:57 GMT
286 http request GET https://registry.npmjs.org/events
287 verbose request uri https://registry.npmjs.org/glob-to-regexp
288 verbose request no auth needed
289 info attempt registry request try #1 at 9:20:57 PM
290 verbose etag W/"17ba3a99c72274a1e9038c219ebfbadc"
291 verbose lastModified Sat, 18 Jun 2022 12:54:54 GMT
292 http request GET https://registry.npmjs.org/glob-to-regexp
293 verbose request uri https://registry.npmjs.org/graceful-fs
294 verbose request no auth needed
295 info attempt registry request try #1 at 9:20:57 PM
296 verbose etag W/"1cbaa24705e0589f55861c185b5c2307"
297 verbose lastModified Fri, 09 Jun 2023 21:32:48 GMT
298 http request GET https://registry.npmjs.org/graceful-fs
299 verbose request uri https://registry.npmjs.org/json-parse-even-better-errors
300 verbose request no auth needed
301 info attempt registry request try #1 at 9:20:57 PM
302 verbose etag W/"42ad10b00da4127ad7b22b55405907a0"
303 verbose lastModified Wed, 04 Sep 2024 21:51:19 GMT
304 http request GET https://registry.npmjs.org/json-parse-even-better-errors
305 verbose request uri https://registry.npmjs.org/loader-runner
306 verbose request no auth needed
307 info attempt registry request try #1 at 9:20:57 PM
308 verbose etag W/"88e8e41f3bf4fe7198a339db906aa555"
309 verbose lastModified Sun, 19 Jun 2022 13:13:56 GMT
310 http request GET https://registry.npmjs.org/loader-runner
311 verbose request uri https://registry.npmjs.org/mime-types
312 verbose request no auth needed
313 info attempt registry request try #1 at 9:20:57 PM
314 verbose etag W/"35e891c819e7b4029a7fb8f2cae014fe"
315 verbose lastModified Thu, 10 Oct 2024 20:56:30 GMT
316 http request GET https://registry.npmjs.org/mime-types
317 verbose request uri https://registry.npmjs.org/neo-async
318 verbose request no auth needed
319 info attempt registry request try #1 at 9:20:57 PM
320 verbose etag W/"2a5967f2a59479e15b7ca088222b4c3b"
321 verbose lastModified Tue, 21 Jun 2022 00:04:11 GMT
322 http request GET https://registry.npmjs.org/neo-async
323 verbose request uri https://registry.npmjs.org/schema-utils
324 verbose request no auth needed
325 info attempt registry request try #1 at 9:20:57 PM
326 verbose etag W/"8c3add147b707d11a855217b581eb270"
327 verbose lastModified Wed, 14 Jun 2023 14:52:45 GMT
328 http request GET https://registry.npmjs.org/schema-utils
329 verbose request uri https://registry.npmjs.org/tapable
330 verbose request no auth needed
331 info attempt registry request try #1 at 9:20:57 PM
332 verbose etag W/"bc278ad3763ec502c08ee788bfee143e"
333 verbose lastModified Sun, 10 Sep 2023 02:38:40 GMT
334 http request GET https://registry.npmjs.org/tapable
335 verbose request uri https://registry.npmjs.org/terser-webpack-plugin
336 verbose request no auth needed
337 info attempt registry request try #1 at 9:20:57 PM
338 verbose etag W/"7e41d0f66f18da5f11e49d67c5de79c5"
339 verbose lastModified Tue, 23 Jul 2024 14:34:09 GMT
340 http request GET https://registry.npmjs.org/terser-webpack-plugin
341 verbose request uri https://registry.npmjs.org/watchpack
342 verbose request no auth needed
343 info attempt registry request try #1 at 9:20:57 PM
344 verbose etag W/"36076ccc15ee7501ac5d9ff78771227f"
345 verbose lastModified Tue, 13 Aug 2024 13:26:27 GMT
346 http request GET https://registry.npmjs.org/watchpack
347 verbose request uri https://registry.npmjs.org/webpack-sources
348 verbose request no auth needed
349 info attempt registry request try #1 at 9:20:57 PM
350 verbose etag W/"62bdf7cc4c4edcc858640c137fbb5f2f"
351 verbose lastModified Wed, 05 Apr 2023 01:12:21 GMT
352 http request GET https://registry.npmjs.org/webpack-sources
353 http 304 https://registry.npmjs.org/@webassemblyjs%2fast
354 verbose headers { date: 'Mon, 28 Oct 2024 21:20:56 GMT',
354 verbose headers   connection: 'keep-alive',
354 verbose headers   'cf-ray': '8d9df9013ede188d-EWR',
354 verbose headers   'cf-cache-status': 'HIT',
354 verbose headers   'access-control-allow-origin': '*',
354 verbose headers   age: '111',
354 verbose headers   'cache-control': 'public, max-age=300',
354 verbose headers   etag: '"9faab0b48285a34adda9543ed4194d9c"',
354 verbose headers   'last-modified': 'Wed, 13 Mar 2024 10:19:16 GMT',
354 verbose headers   vary: 'Accept-Encoding',
354 verbose headers   server: 'cloudflare' }
355 silly get cb [ 304,
355 silly get   { date: 'Mon, 28 Oct 2024 21:20:56 GMT',
355 silly get     connection: 'keep-alive',
355 silly get     'cf-ray': '8d9df9013ede188d-EWR',
355 silly get     'cf-cache-status': 'HIT',
355 silly get     'access-control-allow-origin': '*',
355 silly get     age: '111',
355 silly get     'cache-control': 'public, max-age=300',
355 silly get     etag: '"9faab0b48285a34adda9543ed4194d9c"',
355 silly get     'last-modified': 'Wed, 13 Mar 2024 10:19:16 GMT',
355 silly get     vary: 'Accept-Encoding',
355 silly get     server: 'cloudflare' } ]
356 verbose etag https://registry.npmjs.org/@webassemblyjs%2fast from cache
357 verbose get saving @webassemblyjs/ast to /root/.npm/registry.npmjs.org/_40webassemblyjs_252fast/.cache.json
358 http 304 https://registry.npmjs.org/@types%2festree
359 verbose headers { date: 'Mon, 28 Oct 2024 21:20:56 GMT',
359 verbose headers   connection: 'keep-alive',
359 verbose headers   'cf-ray': '8d9df9012a6f05fc-IAD',
359 verbose headers   'cf-cache-status': 'HIT',
359 verbose headers   'access-control-allow-origin': '*',
359 verbose headers   age: '96',
359 verbose headers   'cache-control': 'public, max-age=300',
359 verbose headers   etag: '"62c9ed9ee351ed3aa6bbd0f1cbb81b6e"',
359 verbose headers   'last-modified': 'Wed, 18 Sep 2024 09:37:10 GMT',
359 verbose headers   vary: 'Accept-Encoding',
359 verbose headers   server: 'cloudflare' }
360 silly get cb [ 304,
360 silly get   { date: 'Mon, 28 Oct 2024 21:20:56 GMT',
360 silly get     connection: 'keep-alive',
360 silly get     'cf-ray': '8d9df9012a6f05fc-IAD',
360 silly get     'cf-cache-status': 'HIT',
360 silly get     'access-control-allow-origin': '*',
360 silly get     age: '96',
360 silly get     'cache-control': 'public, max-age=300',
360 silly get     etag: '"62c9ed9ee351ed3aa6bbd0f1cbb81b6e"',
360 silly get     'last-modified': 'Wed, 18 Sep 2024 09:37:10 GMT',
360 silly get     vary: 'Accept-Encoding',
360 silly get     server: 'cloudflare' } ]
361 verbose etag https://registry.npmjs.org/@types%2festree from cache
362 verbose get saving @types/estree to /root/.npm/registry.npmjs.org/_40types_252festree/.cache.json
363 http 304 https://registry.npmjs.org/watchpack
364 verbose headers { date: 'Mon, 28 Oct 2024 21:20:57 GMT',
364 verbose headers   connection: 'keep-alive',
364 verbose headers   'cf-ray': '8d9df909fb20c56a-IAD',
364 verbose headers   'cf-cache-status': 'HIT',
364 verbose headers   'access-control-allow-origin': '*',
364 verbose headers   age: '19',
364 verbose headers   'cache-control': 'public, max-age=300',
364 verbose headers   etag: '"36076ccc15ee7501ac5d9ff78771227f"',
364 verbose headers   'last-modified': 'Tue, 13 Aug 2024 13:26:27 GMT',
364 verbose headers   vary: 'Accept-Encoding',
364 verbose headers   server: 'cloudflare' }
365 silly get cb [ 304,
365 silly get   { date: 'Mon, 28 Oct 2024 21:20:57 GMT',
365 silly get     connection: 'keep-alive',
365 silly get     'cf-ray': '8d9df909fb20c56a-IAD',
365 silly get     'cf-cache-status': 'HIT',
365 silly get     'access-control-allow-origin': '*',
365 silly get     age: '19',
365 silly get     'cache-control': 'public, max-age=300',
365 silly get     etag: '"36076ccc15ee7501ac5d9ff78771227f"',
365 silly get     'last-modified': 'Tue, 13 Aug 2024 13:26:27 GMT',
365 silly get     vary: 'Accept-Encoding',
365 silly get     server: 'cloudflare' } ]
366 verbose etag https://registry.npmjs.org/watchpack from cache
367 verbose get saving watchpack to /root/.npm/registry.npmjs.org/watchpack/.cache.json
368 http 304 https://registry.npmjs.org/acorn
369 verbose headers { date: 'Mon, 28 Oct 2024 21:20:57 GMT',
369 verbose headers   connection: 'keep-alive',
369 verbose headers   'cf-ray': '8d9df909f8ead630-IAD',
369 verbose headers   'cf-cache-status': 'HIT',
369 verbose headers   'access-control-allow-origin': '*',
369 verbose headers   age: '217',
369 verbose headers   'cache-control': 'public, max-age=300',
369 verbose headers   etag: '"cac53bbced362e6bc72255b18052dcfb"',
369 verbose headers   'last-modified': 'Sun, 27 Oct 2024 11:23:51 GMT',
369 verbose headers   vary: 'Accept-Encoding',
369 verbose headers   server: 'cloudflare' }
370 silly get cb [ 304,
370 silly get   { date: 'Mon, 28 Oct 2024 21:20:57 GMT',
370 silly get     connection: 'keep-alive',
370 silly get     'cf-ray': '8d9df909f8ead630-IAD',
370 silly get     'cf-cache-status': 'HIT',
370 silly get     'access-control-allow-origin': '*',
370 silly get     age: '217',
370 silly get     'cache-control': 'public, max-age=300',
370 silly get     etag: '"cac53bbced362e6bc72255b18052dcfb"',
370 silly get     'last-modified': 'Sun, 27 Oct 2024 11:23:51 GMT',
370 silly get     vary: 'Accept-Encoding',
370 silly get     server: 'cloudflare' } ]
371 verbose etag https://registry.npmjs.org/acorn from cache
372 verbose get saving acorn to /root/.npm/registry.npmjs.org/acorn/.cache.json
373 http 304 https://registry.npmjs.org/es-module-lexer
374 verbose headers { date: 'Mon, 28 Oct 2024 21:20:57 GMT',
374 verbose headers   connection: 'keep-alive',
374 verbose headers   'cf-ray': '8d9df909f8efd630-IAD',
374 verbose headers   'cf-cache-status': 'HIT',
374 verbose headers   'access-control-allow-origin': '*',
374 verbose headers   age: '120',
374 verbose headers   'cache-control': 'public, max-age=300',
374 verbose headers   etag: '"58890bce56546e66f2fe8c12171e8811"',
374 verbose headers   'last-modified': 'Mon, 24 Jun 2024 05:05:09 GMT',
374 verbose headers   vary: 'Accept-Encoding',
374 verbose headers   server: 'cloudflare' }
375 silly get cb [ 304,
375 silly get   { date: 'Mon, 28 Oct 2024 21:20:57 GMT',
375 silly get     connection: 'keep-alive',
375 silly get     'cf-ray': '8d9df909f8efd630-IAD',
375 silly get     'cf-cache-status': 'HIT',
375 silly get     'access-control-allow-origin': '*',
375 silly get     age: '120',
375 silly get     'cache-control': 'public, max-age=300',
375 silly get     etag: '"58890bce56546e66f2fe8c12171e8811"',
375 silly get     'last-modified': 'Mon, 24 Jun 2024 05:05:09 GMT',
375 silly get     vary: 'Accept-Encoding',
375 silly get     server: 'cloudflare' } ]
376 verbose etag https://registry.npmjs.org/es-module-lexer from cache
377 verbose get saving es-module-lexer to /root/.npm/registry.npmjs.org/es-module-lexer/.cache.json
378 http 304 https://registry.npmjs.org/loader-runner
379 verbose headers { date: 'Mon, 28 Oct 2024 21:20:57 GMT',
379 verbose headers   connection: 'keep-alive',
379 verbose headers   'cf-ray': '8d9df909fd2cc954-IAD',
379 verbose headers   'cf-cache-status': 'HIT',
379 verbose headers   'access-control-allow-origin': '*',
379 verbose headers   age: '256',
379 verbose headers   'cache-control': 'public, max-age=300',
379 verbose headers   etag: '"88e8e41f3bf4fe7198a339db906aa555"',
379 verbose headers   'last-modified': 'Sun, 19 Jun 2022 13:13:56 GMT',
379 verbose headers   vary: 'Accept-Encoding',
379 verbose headers   server: 'cloudflare' }
380 silly get cb [ 304,
380 silly get   { date: 'Mon, 28 Oct 2024 21:20:57 GMT',
380 silly get     connection: 'keep-alive',
380 silly get     'cf-ray': '8d9df909fd2cc954-IAD',
380 silly get     'cf-cache-status': 'HIT',
380 silly get     'access-control-allow-origin': '*',
380 silly get     age: '256',
380 silly get     'cache-control': 'public, max-age=300',
380 silly get     etag: '"88e8e41f3bf4fe7198a339db906aa555"',
380 silly get     'last-modified': 'Sun, 19 Jun 2022 13:13:56 GMT',
380 silly get     vary: 'Accept-Encoding',
380 silly get     server: 'cloudflare' } ]
381 verbose etag https://registry.npmjs.org/loader-runner from cache
382 verbose get saving loader-runner to /root/.npm/registry.npmjs.org/loader-runner/.cache.json
383 http 304 https://registry.npmjs.org/chrome-trace-event
384 verbose headers { date: 'Mon, 28 Oct 2024 21:20:57 GMT',
384 verbose headers   connection: 'keep-alive',
384 verbose headers   'cf-ray': '8d9df909fdb8c93b-IAD',
384 verbose headers   'cf-cache-status': 'HIT',
384 verbose headers   'access-control-allow-origin': '*',
384 verbose headers   age: '205',
384 verbose headers   'cache-control': 'public, max-age=300',
384 verbose headers   etag: '"7767ce0a2557f667d5da914caef64c1a"',
384 verbose headers   'last-modified': 'Wed, 29 May 2024 16:40:57 GMT',
384 verbose headers   vary: 'Accept-Encoding',
384 verbose headers   server: 'cloudflare' }
385 silly get cb [ 304,
385 silly get   { date: 'Mon, 28 Oct 2024 21:20:57 GMT',
385 silly get     connection: 'keep-alive',
385 silly get     'cf-ray': '8d9df909fdb8c93b-IAD',
385 silly get     'cf-cache-status': 'HIT',
385 silly get     'access-control-allow-origin': '*',
385 silly get     age: '205',
385 silly get     'cache-control': 'public, max-age=300',
385 silly get     etag: '"7767ce0a2557f667d5da914caef64c1a"',
385 silly get     'last-modified': 'Wed, 29 May 2024 16:40:57 GMT',
385 silly get     vary: 'Accept-Encoding',
385 silly get     server: 'cloudflare' } ]
386 verbose etag https://registry.npmjs.org/chrome-trace-event from cache
387 verbose get saving chrome-trace-event to /root/.npm/registry.npmjs.org/chrome-trace-event/.cache.json
388 http 304 https://registry.npmjs.org/mime-types
389 verbose headers { date: 'Mon, 28 Oct 2024 21:20:57 GMT',
389 verbose headers   connection: 'keep-alive',
389 verbose headers   'cf-ray': '8d9df909fb113b7d-IAD',
389 verbose headers   'cf-cache-status': 'HIT',
389 verbose headers   'access-control-allow-origin': '*',
389 verbose headers   age: '249',
389 verbose headers   'cache-control': 'public, max-age=300',
389 verbose headers   etag: '"35e891c819e7b4029a7fb8f2cae014fe"',
389 verbose headers   'last-modified': 'Thu, 10 Oct 2024 20:56:30 GMT',
389 verbose headers   vary: 'Accept-Encoding',
389 verbose headers   server: 'cloudflare' }
390 silly get cb [ 304,
390 silly get   { date: 'Mon, 28 Oct 2024 21:20:57 GMT',
390 silly get     connection: 'keep-alive',
390 silly get     'cf-ray': '8d9df909fb113b7d-IAD',
390 silly get     'cf-cache-status': 'HIT',
390 silly get     'access-control-allow-origin': '*',
390 silly get     age: '249',
390 silly get     'cache-control': 'public, max-age=300',
390 silly get     etag: '"35e891c819e7b4029a7fb8f2cae014fe"',
390 silly get     'last-modified': 'Thu, 10 Oct 2024 20:56:30 GMT',
390 silly get     vary: 'Accept-Encoding',
390 silly get     server: 'cloudflare' } ]
391 verbose etag https://registry.npmjs.org/mime-types from cache
392 verbose get saving mime-types to /root/.npm/registry.npmjs.org/mime-types/.cache.json
393 http 304 https://registry.npmjs.org/tapable
394 verbose headers { date: 'Mon, 28 Oct 2024 21:20:57 GMT',
394 verbose headers   connection: 'keep-alive',
394 verbose headers   'cf-ray': '8d9df909ff9fc59f-IAD',
394 verbose headers   'cf-cache-status': 'HIT',
394 verbose headers   'access-control-allow-origin': '*',
394 verbose headers   age: '20',
394 verbose headers   'cache-control': 'public, max-age=300',
394 verbose headers   etag: '"bc278ad3763ec502c08ee788bfee143e"',
394 verbose headers   'last-modified': 'Sun, 10 Sep 2023 02:38:40 GMT',
394 verbose headers   vary: 'Accept-Encoding',
394 verbose headers   server: 'cloudflare' }
395 silly get cb [ 304,
395 silly get   { date: 'Mon, 28 Oct 2024 21:20:57 GMT',
395 silly get     connection: 'keep-alive',
395 silly get     'cf-ray': '8d9df909ff9fc59f-IAD',
395 silly get     'cf-cache-status': 'HIT',
395 silly get     'access-control-allow-origin': '*',
395 silly get     age: '20',
395 silly get     'cache-control': 'public, max-age=300',
395 silly get     etag: '"bc278ad3763ec502c08ee788bfee143e"',
395 silly get     'last-modified': 'Sun, 10 Sep 2023 02:38:40 GMT',
395 silly get     vary: 'Accept-Encoding',
395 silly get     server: 'cloudflare' } ]
396 verbose etag https://registry.npmjs.org/tapable from cache
397 verbose get saving tapable to /root/.npm/registry.npmjs.org/tapable/.cache.json
398 http 304 https://registry.npmjs.org/terser-webpack-plugin
399 verbose headers { date: 'Mon, 28 Oct 2024 21:20:57 GMT',
399 verbose headers   connection: 'keep-alive',
399 verbose headers   'cf-ray': '8d9df909f99d5ae0-IAD',
399 verbose headers   'cf-cache-status': 'HIT',
399 verbose headers   'access-control-allow-origin': '*',
399 verbose headers   age: '179',
399 verbose headers   'cache-control': 'public, max-age=300',
399 verbose headers   etag: '"7e41d0f66f18da5f11e49d67c5de79c5"',
399 verbose headers   'last-modified': 'Tue, 23 Jul 2024 14:34:09 GMT',
399 verbose headers   vary: 'Accept-Encoding',
399 verbose headers   server: 'cloudflare' }
400 silly get cb [ 304,
400 silly get   { date: 'Mon, 28 Oct 2024 21:20:57 GMT',
400 silly get     connection: 'keep-alive',
400 silly get     'cf-ray': '8d9df909f99d5ae0-IAD',
400 silly get     'cf-cache-status': 'HIT',
400 silly get     'access-control-allow-origin': '*',
400 silly get     age: '179',
400 silly get     'cache-control': 'public, max-age=300',
400 silly get     etag: '"7e41d0f66f18da5f11e49d67c5de79c5"',
400 silly get     'last-modified': 'Tue, 23 Jul 2024 14:34:09 GMT',
400 silly get     vary: 'Accept-Encoding',
400 silly get     server: 'cloudflare' } ]
401 verbose etag https://registry.npmjs.org/terser-webpack-plugin from cache
402 verbose get saving terser-webpack-plugin to /root/.npm/registry.npmjs.org/terser-webpack-plugin/.cache.json
403 http 304 https://registry.npmjs.org/json-parse-even-better-errors
404 verbose headers { date: 'Mon, 28 Oct 2024 21:20:57 GMT',
404 verbose headers   connection: 'keep-alive',
404 verbose headers   'cf-ray': '8d9df909fb84c54e-IAD',
404 verbose headers   'cf-cache-status': 'HIT',
404 verbose headers   'access-control-allow-origin': '*',
404 verbose headers   age: '11',
404 verbose headers   'cache-control': 'public, max-age=300',
404 verbose headers   etag: '"42ad10b00da4127ad7b22b55405907a0"',
404 verbose headers   'last-modified': 'Wed, 04 Sep 2024 21:51:19 GMT',
404 verbose headers   vary: 'Accept-Encoding',
404 verbose headers   server: 'cloudflare' }
405 silly get cb [ 304,
405 silly get   { date: 'Mon, 28 Oct 2024 21:20:57 GMT',
405 silly get     connection: 'keep-alive',
405 silly get     'cf-ray': '8d9df909fb84c54e-IAD',
405 silly get     'cf-cache-status': 'HIT',
405 silly get     'access-control-allow-origin': '*',
405 silly get     age: '11',
405 silly get     'cache-control': 'public, max-age=300',
405 silly get     etag: '"42ad10b00da4127ad7b22b55405907a0"',
405 silly get     'last-modified': 'Wed, 04 Sep 2024 21:51:19 GMT',
405 silly get     vary: 'Accept-Encoding',
405 silly get     server: 'cloudflare' } ]
406 verbose etag https://registry.npmjs.org/json-parse-even-better-errors from cache
407 verbose get saving json-parse-even-better-errors to /root/.npm/registry.npmjs.org/json-parse-even-better-errors/.cache.json
408 http 304 https://registry.npmjs.org/glob-to-regexp
409 verbose headers { date: 'Mon, 28 Oct 2024 21:20:57 GMT',
409 verbose headers   connection: 'keep-alive',
409 verbose headers   'cf-ray': '8d9df909fcc928c2-IAD',
409 verbose headers   'cf-cache-status': 'HIT',
409 verbose headers   'access-control-allow-origin': '*',
409 verbose headers   age: '171',
409 verbose headers   'cache-control': 'public, max-age=300',
409 verbose headers   etag: '"17ba3a99c72274a1e9038c219ebfbadc"',
409 verbose headers   'last-modified': 'Sat, 18 Jun 2022 12:54:54 GMT',
409 verbose headers   vary: 'Accept-Encoding',
409 verbose headers   server: 'cloudflare' }
410 silly get cb [ 304,
410 silly get   { date: 'Mon, 28 Oct 2024 21:20:57 GMT',
410 silly get     connection: 'keep-alive',
410 silly get     'cf-ray': '8d9df909fcc928c2-IAD',
410 silly get     'cf-cache-status': 'HIT',
410 silly get     'access-control-allow-origin': '*',
410 silly get     age: '171',
410 silly get     'cache-control': 'public, max-age=300',
410 silly get     etag: '"17ba3a99c72274a1e9038c219ebfbadc"',
410 silly get     'last-modified': 'Sat, 18 Jun 2022 12:54:54 GMT',
410 silly get     vary: 'Accept-Encoding',
410 silly get     server: 'cloudflare' } ]
411 verbose etag https://registry.npmjs.org/glob-to-regexp from cache
412 verbose get saving glob-to-regexp to /root/.npm/registry.npmjs.org/glob-to-regexp/.cache.json
413 http 304 https://registry.npmjs.org/schema-utils
414 verbose headers { date: 'Mon, 28 Oct 2024 21:20:57 GMT',
414 verbose headers   connection: 'keep-alive',
414 verbose headers   'cf-ray': '8d9df909f9943adc-IAD',
414 verbose headers   'cf-cache-status': 'HIT',
414 verbose headers   'access-control-allow-origin': '*',
414 verbose headers   age: '19',
414 verbose headers   'cache-control': 'public, max-age=300',
414 verbose headers   etag: '"8c3add147b707d11a855217b581eb270"',
414 verbose headers   'last-modified': 'Wed, 14 Jun 2023 14:52:45 GMT',
414 verbose headers   vary: 'Accept-Encoding',
414 verbose headers   server: 'cloudflare' }
415 silly get cb [ 304,
415 silly get   { date: 'Mon, 28 Oct 2024 21:20:57 GMT',
415 silly get     connection: 'keep-alive',
415 silly get     'cf-ray': '8d9df909f9943adc-IAD',
415 silly get     'cf-cache-status': 'HIT',
415 silly get     'access-control-allow-origin': '*',
415 silly get     age: '19',
415 silly get     'cache-control': 'public, max-age=300',
415 silly get     etag: '"8c3add147b707d11a855217b581eb270"',
415 silly get     'last-modified': 'Wed, 14 Jun 2023 14:52:45 GMT',
415 silly get     vary: 'Accept-Encoding',
415 silly get     server: 'cloudflare' } ]
416 verbose etag https://registry.npmjs.org/schema-utils from cache
417 verbose get saving schema-utils to /root/.npm/registry.npmjs.org/schema-utils/.cache.json
418 http 304 https://registry.npmjs.org/browserslist
419 verbose headers { date: 'Mon, 28 Oct 2024 21:20:57 GMT',
419 verbose headers   connection: 'keep-alive',
419 verbose headers   'cf-ray': '8d9df909ffcc2d07-IAD',
419 verbose headers   'cf-cache-status': 'HIT',
419 verbose headers   'access-control-allow-origin': '*',
419 verbose headers   age: '69',
419 verbose headers   'cache-control': 'public, max-age=300',
419 verbose headers   etag: '"09fe0b1875ea13fed0fb4d81df4cc63a"',
419 verbose headers   'last-modified': 'Mon, 21 Oct 2024 22:10:30 GMT',
419 verbose headers   vary: 'Accept-Encoding',
419 verbose headers   server: 'cloudflare' }
420 silly get cb [ 304,
420 silly get   { date: 'Mon, 28 Oct 2024 21:20:57 GMT',
420 silly get     connection: 'keep-alive',
420 silly get     'cf-ray': '8d9df909ffcc2d07-IAD',
420 silly get     'cf-cache-status': 'HIT',
420 silly get     'access-control-allow-origin': '*',
420 silly get     age: '69',
420 silly get     'cache-control': 'public, max-age=300',
420 silly get     etag: '"09fe0b1875ea13fed0fb4d81df4cc63a"',
420 silly get     'last-modified': 'Mon, 21 Oct 2024 22:10:30 GMT',
420 silly get     vary: 'Accept-Encoding',
420 silly get     server: 'cloudflare' } ]
421 verbose etag https://registry.npmjs.org/browserslist from cache
422 verbose get saving browserslist to /root/.npm/registry.npmjs.org/browserslist/.cache.json
423 http 304 https://registry.npmjs.org/enhanced-resolve
424 verbose headers { date: 'Mon, 28 Oct 2024 21:20:57 GMT',
424 verbose headers   connection: 'keep-alive',
424 verbose headers   'cf-ray': '8d9df909fd00c5c3-IAD',
424 verbose headers   'cf-cache-status': 'HIT',
424 verbose headers   'access-control-allow-origin': '*',
424 verbose headers   age: '3',
424 verbose headers   'cache-control': 'public, max-age=300',
424 verbose headers   etag: '"f506bcb766ecafefa1a29101a1b8fd19"',
424 verbose headers   'last-modified': 'Tue, 23 Jul 2024 14:18:56 GMT',
424 verbose headers   vary: 'Accept-Encoding',
424 verbose headers   server: 'cloudflare' }
425 silly get cb [ 304,
425 silly get   { date: 'Mon, 28 Oct 2024 21:20:57 GMT',
425 silly get     connection: 'keep-alive',
425 silly get     'cf-ray': '8d9df909fd00c5c3-IAD',
425 silly get     'cf-cache-status': 'HIT',
425 silly get     'access-control-allow-origin': '*',
425 silly get     age: '3',
425 silly get     'cache-control': 'public, max-age=300',
425 silly get     etag: '"f506bcb766ecafefa1a29101a1b8fd19"',
425 silly get     'last-modified': 'Tue, 23 Jul 2024 14:18:56 GMT',
425 silly get     vary: 'Accept-Encoding',
425 silly get     server: 'cloudflare' } ]
426 verbose etag https://registry.npmjs.org/enhanced-resolve from cache
427 verbose get saving enhanced-resolve to /root/.npm/registry.npmjs.org/enhanced-resolve/.cache.json
428 http 304 https://registry.npmjs.org/@webassemblyjs%2fwasm-parser
429 verbose headers { date: 'Mon, 28 Oct 2024 21:20:57 GMT',
429 verbose headers   connection: 'keep-alive',
429 verbose headers   'cf-ray': '8d9df909fcb91785-IAD',
429 verbose headers   'cf-cache-status': 'HIT',
429 verbose headers   'access-control-allow-origin': '*',
429 verbose headers   age: '174',
429 verbose headers   'cache-control': 'public, max-age=300',
429 verbose headers   etag: '"d722c32a51e64cd2f857e54b2836112d"',
429 verbose headers   'last-modified': 'Wed, 13 Mar 2024 10:19:19 GMT',
429 verbose headers   vary: 'Accept-Encoding',
429 verbose headers   server: 'cloudflare' }
430 silly get cb [ 304,
430 silly get   { date: 'Mon, 28 Oct 2024 21:20:57 GMT',
430 silly get     connection: 'keep-alive',
430 silly get     'cf-ray': '8d9df909fcb91785-IAD',
430 silly get     'cf-cache-status': 'HIT',
430 silly get     'access-control-allow-origin': '*',
430 silly get     age: '174',
430 silly get     'cache-control': 'public, max-age=300',
430 silly get     etag: '"d722c32a51e64cd2f857e54b2836112d"',
430 silly get     'last-modified': 'Wed, 13 Mar 2024 10:19:19 GMT',
430 silly get     vary: 'Accept-Encoding',
430 silly get     server: 'cloudflare' } ]
431 verbose etag https://registry.npmjs.org/@webassemblyjs%2fwasm-parser from cache
432 verbose get saving @webassemblyjs/wasm-parser to /root/.npm/registry.npmjs.org/_40webassemblyjs_252fwasm-parser/.cache.json
433 http 304 https://registry.npmjs.org/@webassemblyjs%2fwasm-edit
434 verbose headers { date: 'Mon, 28 Oct 2024 21:20:57 GMT',
434 verbose headers   connection: 'keep-alive',
434 verbose headers   'cf-ray': '8d9df909fd8320ca-IAD',
434 verbose headers   'cf-cache-status': 'HIT',
434 verbose headers   'access-control-allow-origin': '*',
434 verbose headers   age: '104',
434 verbose headers   'cache-control': 'public, max-age=300',
434 verbose headers   etag: '"9a0106fa7d90b4aea49822cb4c6c0330"',
434 verbose headers   'last-modified': 'Wed, 13 Mar 2024 10:19:25 GMT',
434 verbose headers   vary: 'Accept-Encoding',
434 verbose headers   server: 'cloudflare' }
435 silly get cb [ 304,
435 silly get   { date: 'Mon, 28 Oct 2024 21:20:57 GMT',
435 silly get     connection: 'keep-alive',
435 silly get     'cf-ray': '8d9df909fd8320ca-IAD',
435 silly get     'cf-cache-status': 'HIT',
435 silly get     'access-control-allow-origin': '*',
435 silly get     age: '104',
435 silly get     'cache-control': 'public, max-age=300',
435 silly get     etag: '"9a0106fa7d90b4aea49822cb4c6c0330"',
435 silly get     'last-modified': 'Wed, 13 Mar 2024 10:19:25 GMT',
435 silly get     vary: 'Accept-Encoding',
435 silly get     server: 'cloudflare' } ]
436 verbose etag https://registry.npmjs.org/@webassemblyjs%2fwasm-edit from cache
437 verbose get saving @webassemblyjs/wasm-edit to /root/.npm/registry.npmjs.org/_40webassemblyjs_252fwasm-edit/.cache.json
438 http 304 https://registry.npmjs.org/acorn-import-attributes
439 verbose headers { date: 'Mon, 28 Oct 2024 21:20:57 GMT',
439 verbose headers   connection: 'keep-alive',
439 verbose headers   'cf-ray': '8d9df909fd25093a-IAD',
439 verbose headers   'cf-cache-status': 'HIT',
439 verbose headers   'access-control-allow-origin': '*',
439 verbose headers   age: '193',
439 verbose headers   'cache-control': 'public, max-age=300',
439 verbose headers   etag: '"6abddba0fbf2caf2f939bdd5c998320c"',
439 verbose headers   'last-modified': 'Fri, 29 Mar 2024 09:47:29 GMT',
439 verbose headers   vary: 'Accept-Encoding',
439 verbose headers   server: 'cloudflare' }
440 silly get cb [ 304,
440 silly get   { date: 'Mon, 28 Oct 2024 21:20:57 GMT',
440 silly get     connection: 'keep-alive',
440 silly get     'cf-ray': '8d9df909fd25093a-IAD',
440 silly get     'cf-cache-status': 'HIT',
440 silly get     'access-control-allow-origin': '*',
440 silly get     age: '193',
440 silly get     'cache-control': 'public, max-age=300',
440 silly get     etag: '"6abddba0fbf2caf2f939bdd5c998320c"',
440 silly get     'last-modified': 'Fri, 29 Mar 2024 09:47:29 GMT',
440 silly get     vary: 'Accept-Encoding',
440 silly get     server: 'cloudflare' } ]
441 verbose etag https://registry.npmjs.org/acorn-import-attributes from cache
442 verbose get saving acorn-import-attributes to /root/.npm/registry.npmjs.org/acorn-import-attributes/.cache.json
443 http 304 https://registry.npmjs.org/eslint-scope
444 verbose headers { date: 'Mon, 28 Oct 2024 21:20:57 GMT',
444 verbose headers   connection: 'keep-alive',
444 verbose headers   'cf-ray': '8d9df909f97239b6-IAD',
444 verbose headers   'cf-cache-status': 'HIT',
444 verbose headers   'access-control-allow-origin': '*',
444 verbose headers   age: '45',
444 verbose headers   'cache-control': 'public, max-age=300',
444 verbose headers   etag: '"96719cb28ee7aa21161a3fd825937ab2"',
444 verbose headers   'last-modified': 'Fri, 27 Sep 2024 14:55:53 GMT',
444 verbose headers   vary: 'Accept-Encoding',
444 verbose headers   server: 'cloudflare' }
445 silly get cb [ 304,
445 silly get   { date: 'Mon, 28 Oct 2024 21:20:57 GMT',
445 silly get     connection: 'keep-alive',
445 silly get     'cf-ray': '8d9df909f97239b6-IAD',
445 silly get     'cf-cache-status': 'HIT',
445 silly get     'access-control-allow-origin': '*',
445 silly get     age: '45',
445 silly get     'cache-control': 'public, max-age=300',
445 silly get     etag: '"96719cb28ee7aa21161a3fd825937ab2"',
445 silly get     'last-modified': 'Fri, 27 Sep 2024 14:55:53 GMT',
445 silly get     vary: 'Accept-Encoding',
445 silly get     server: 'cloudflare' } ]
446 verbose etag https://registry.npmjs.org/eslint-scope from cache
447 verbose get saving eslint-scope to /root/.npm/registry.npmjs.org/eslint-scope/.cache.json
448 http 304 https://registry.npmjs.org/graceful-fs
449 verbose headers { date: 'Mon, 28 Oct 2024 21:20:58 GMT',
449 verbose headers   connection: 'keep-alive',
449 verbose headers   'cf-ray': '8d9df90a9dbcc45e-EWR',
449 verbose headers   'cf-cache-status': 'HIT',
449 verbose headers   'access-control-allow-origin': '*',
449 verbose headers   age: '178',
449 verbose headers   'cache-control': 'public, max-age=300',
449 verbose headers   etag: '"1cbaa24705e0589f55861c185b5c2307"',
449 verbose headers   'last-modified': 'Fri, 09 Jun 2023 21:32:48 GMT',
449 verbose headers   vary: 'Accept-Encoding',
449 verbose headers   server: 'cloudflare' }
450 silly get cb [ 304,
450 silly get   { date: 'Mon, 28 Oct 2024 21:20:58 GMT',
450 silly get     connection: 'keep-alive',
450 silly get     'cf-ray': '8d9df90a9dbcc45e-EWR',
450 silly get     'cf-cache-status': 'HIT',
450 silly get     'access-control-allow-origin': '*',
450 silly get     age: '178',
450 silly get     'cache-control': 'public, max-age=300',
450 silly get     etag: '"1cbaa24705e0589f55861c185b5c2307"',
450 silly get     'last-modified': 'Fri, 09 Jun 2023 21:32:48 GMT',
450 silly get     vary: 'Accept-Encoding',
450 silly get     server: 'cloudflare' } ]
451 verbose etag https://registry.npmjs.org/graceful-fs from cache
452 verbose get saving graceful-fs to /root/.npm/registry.npmjs.org/graceful-fs/.cache.json
453 http 304 https://registry.npmjs.org/webpack-sources
454 verbose headers { date: 'Mon, 28 Oct 2024 21:20:58 GMT',
454 verbose headers   connection: 'keep-alive',
454 verbose headers   'cf-ray': '8d9df90a88cec448-EWR',
454 verbose headers   'cf-cache-status': 'HIT',
454 verbose headers   'access-control-allow-origin': '*',
454 verbose headers   age: '91',
454 verbose headers   'cache-control': 'public, max-age=300',
454 verbose headers   etag: '"62bdf7cc4c4edcc858640c137fbb5f2f"',
454 verbose headers   'last-modified': 'Wed, 05 Apr 2023 01:12:21 GMT',
454 verbose headers   vary: 'Accept-Encoding',
454 verbose headers   server: 'cloudflare' }
455 silly get cb [ 304,
455 silly get   { date: 'Mon, 28 Oct 2024 21:20:58 GMT',
455 silly get     connection: 'keep-alive',
455 silly get     'cf-ray': '8d9df90a88cec448-EWR',
455 silly get     'cf-cache-status': 'HIT',
455 silly get     'access-control-allow-origin': '*',
455 silly get     age: '91',
455 silly get     'cache-control': 'public, max-age=300',
455 silly get     etag: '"62bdf7cc4c4edcc858640c137fbb5f2f"',
455 silly get     'last-modified': 'Wed, 05 Apr 2023 01:12:21 GMT',
455 silly get     vary: 'Accept-Encoding',
455 silly get     server: 'cloudflare' } ]
456 verbose etag https://registry.npmjs.org/webpack-sources from cache
457 verbose get saving webpack-sources to /root/.npm/registry.npmjs.org/webpack-sources/.cache.json
458 http 304 https://registry.npmjs.org/events
459 verbose headers { date: 'Mon, 28 Oct 2024 21:20:58 GMT',
459 verbose headers   connection: 'keep-alive',
459 verbose headers   'cf-ray': '8d9df909f9a738f9-IAD',
459 verbose headers   'cf-cache-status': 'REVALIDATED',
459 verbose headers   'access-control-allow-origin': '*',
459 verbose headers   'cache-control': 'public, max-age=300',
459 verbose headers   etag: '"241e54bd2af2d6c94588ce14c1d2fd23"',
459 verbose headers   'last-modified': 'Wed, 12 Jul 2023 19:04:57 GMT',
459 verbose headers   vary: 'Accept-Encoding',
459 verbose headers   server: 'cloudflare' }
460 silly get cb [ 304,
460 silly get   { date: 'Mon, 28 Oct 2024 21:20:58 GMT',
460 silly get     connection: 'keep-alive',
460 silly get     'cf-ray': '8d9df909f9a738f9-IAD',
460 silly get     'cf-cache-status': 'REVALIDATED',
460 silly get     'access-control-allow-origin': '*',
460 silly get     'cache-control': 'public, max-age=300',
460 silly get     etag: '"241e54bd2af2d6c94588ce14c1d2fd23"',
460 silly get     'last-modified': 'Wed, 12 Jul 2023 19:04:57 GMT',
460 silly get     vary: 'Accept-Encoding',
460 silly get     server: 'cloudflare' } ]
461 verbose etag https://registry.npmjs.org/events from cache
462 verbose get saving events to /root/.npm/registry.npmjs.org/events/.cache.json
463 silly resolveWithNewModule @types/estree@1.0.6 checking installable status
464 silly cache add args [ '@types/estree@^1.0.5', null ]
465 verbose cache add spec @types/estree@^1.0.5
466 silly cache add parsed spec Result {
466 silly cache add   raw: '@types/estree@^1.0.5',
466 silly cache add   scope: '@types',
466 silly cache add   name: '@types/estree',
466 silly cache add   rawSpec: '^1.0.5',
466 silly cache add   spec: '>=1.0.5 <2.0.0',
466 silly cache add   type: 'range' }
467 silly addNamed @types/estree@>=1.0.5 <2.0.0
468 verbose addNamed ">=1.0.5 <2.0.0" is a valid semver range for @types/estree
469 silly addNameRange { name: '@types/estree',
469 silly addNameRange   range: '>=1.0.5 <2.0.0',
469 silly addNameRange   hasData: false }
470 silly mapToRegistry name @types/estree
471 silly mapToRegistry scope (from package name) @types
472 verbose mapToRegistry no registry URL found in name for scope @types
473 silly mapToRegistry using default registry
474 silly mapToRegistry registry https://registry.npmjs.org/
475 silly mapToRegistry uri https://registry.npmjs.org/@types%2festree
476 verbose addNameRange registry:https://registry.npmjs.org/@types%2festree not in flight; fetching
477 silly resolveWithNewModule @webassemblyjs/ast@1.12.1 checking installable status
478 silly cache add args [ '@webassemblyjs/ast@^1.12.1', null ]
479 verbose cache add spec @webassemblyjs/ast@^1.12.1
480 silly cache add parsed spec Result {
480 silly cache add   raw: '@webassemblyjs/ast@^1.12.1',
480 silly cache add   scope: '@webassemblyjs',
480 silly cache add   name: '@webassemblyjs/ast',
480 silly cache add   rawSpec: '^1.12.1',
480 silly cache add   spec: '>=1.12.1 <2.0.0',
480 silly cache add   type: 'range' }
481 silly addNamed @webassemblyjs/ast@>=1.12.1 <2.0.0
482 verbose addNamed ">=1.12.1 <2.0.0" is a valid semver range for @webassemblyjs/ast
483 silly addNameRange { name: '@webassemblyjs/ast',
483 silly addNameRange   range: '>=1.12.1 <2.0.0',
483 silly addNameRange   hasData: false }
484 silly mapToRegistry name @webassemblyjs/ast
485 silly mapToRegistry scope (from package name) @webassemblyjs
486 verbose mapToRegistry no registry URL found in name for scope @webassemblyjs
487 silly mapToRegistry using default registry
488 silly mapToRegistry registry https://registry.npmjs.org/
489 silly mapToRegistry uri https://registry.npmjs.org/@webassemblyjs%2fast
490 verbose addNameRange registry:https://registry.npmjs.org/@webassemblyjs%2fast not in flight; fetching
491 http 304 https://registry.npmjs.org/neo-async
492 verbose headers { date: 'Mon, 28 Oct 2024 21:20:58 GMT',
492 verbose headers   connection: 'keep-alive',
492 verbose headers   'cf-ray': '8d9df90b3f270788-IAD',
492 verbose headers   'cf-cache-status': 'HIT',
492 verbose headers   'access-control-allow-origin': '*',
492 verbose headers   age: '162',
492 verbose headers   'cache-control': 'public, max-age=300',
492 verbose headers   etag: '"2a5967f2a59479e15b7ca088222b4c3b"',
492 verbose headers   'last-modified': 'Tue, 21 Jun 2022 00:04:11 GMT',
492 verbose headers   vary: 'Accept-Encoding',
492 verbose headers   server: 'cloudflare' }
493 silly get cb [ 304,
493 silly get   { date: 'Mon, 28 Oct 2024 21:20:58 GMT',
493 silly get     connection: 'keep-alive',
493 silly get     'cf-ray': '8d9df90b3f270788-IAD',
493 silly get     'cf-cache-status': 'HIT',
493 silly get     'access-control-allow-origin': '*',
493 silly get     age: '162',
493 silly get     'cache-control': 'public, max-age=300',
493 silly get     etag: '"2a5967f2a59479e15b7ca088222b4c3b"',
493 silly get     'last-modified': 'Tue, 21 Jun 2022 00:04:11 GMT',
493 silly get     vary: 'Accept-Encoding',
493 silly get     server: 'cloudflare' } ]
494 verbose etag https://registry.npmjs.org/neo-async from cache
495 verbose get saving neo-async to /root/.npm/registry.npmjs.org/neo-async/.cache.json
496 verbose get https://registry.npmjs.org/@types%2festree not expired, no request
497 silly addNameRange number 2 { name: '@types/estree', range: '>=1.0.5 <2.0.0', hasData: true }
498 silly addNameRange versions [ '@types/estree',
498 silly addNameRange   [ '0.0.15-alpha',
498 silly addNameRange     '0.0.16-alpha',
498 silly addNameRange     '0.0.21-alpha',
498 silly addNameRange     '0.0.22-alpha',
498 silly addNameRange     '0.0.23-alpha',
498 silly addNameRange     '0.0.24-alpha',
498 silly addNameRange     '0.0.25-alpha',
498 silly addNameRange     '0.0.26-alpha',
498 silly addNameRange     '0.0.27-alpha',
498 silly addNameRange     '0.0.28',
498 silly addNameRange     '0.0.29',
498 silly addNameRange     '0.0.30',
498 silly addNameRange     '0.0.31',
498 silly addNameRange     '0.0.32',
498 silly addNameRange     '0.0.33',
498 silly addNameRange     '0.0.34',
498 silly addNameRange     '0.0.35',
498 silly addNameRange     '0.0.36',
498 silly addNameRange     '0.0.37',
498 silly addNameRange     '0.0.38',
498 silly addNameRange     '0.0.39',
498 silly addNameRange     '0.0.40',
498 silly addNameRange     '0.0.41',
498 silly addNameRange     '0.0.42',
498 silly addNameRange     '0.0.43',
498 silly addNameRange     '0.0.44',
498 silly addNameRange     '0.0.45',
498 silly addNameRange     '0.0.46',
498 silly addNameRange     '0.0.47',
498 silly addNameRange     '0.0.48',
498 silly addNameRange     '0.0.49',
498 silly addNameRange     '0.0.50',
498 silly addNameRange     '0.0.51',
498 silly addNameRange     '0.0.52',
498 silly addNameRange     '1.0.0',
498 silly addNameRange     '1.0.1',
498 silly addNameRange     '1.0.2',
498 silly addNameRange     '1.0.3',
498 silly addNameRange     '1.0.4',
498 silly addNameRange     '1.0.5',
498 silly addNameRange     '1.0.6' ] ]
499 silly addNamed @types/estree@1.0.6
500 verbose addNamed "1.0.6" is a plain semver version for @types/estree
501 verbose stack Error: Missing required argument #1
501 verbose stack     at andLogAndFinish (/usr/share/npm/lib/fetch-package-metadata.js:31:3)
501 verbose stack     at fetchPackageMetadata (/usr/share/npm/lib/fetch-package-metadata.js:51:22)
501 verbose stack     at resolveWithNewModule (/usr/share/npm/lib/install/deps.js:456:12)
501 verbose stack     at /usr/share/npm/lib/install/deps.js:457:7
501 verbose stack     at /usr/share/npm/node_modules/iferr/index.js:13:50
501 verbose stack     at /usr/share/npm/lib/fetch-package-metadata.js:37:12
501 verbose stack     at addRequestedAndFinish (/usr/share/npm/lib/fetch-package-metadata.js:82:5)
501 verbose stack     at returnAndAddMetadata (/usr/share/npm/lib/fetch-package-metadata.js:117:7)
501 verbose stack     at pickVersionFromRegistryDocument (/usr/share/npm/lib/fetch-package-metadata.js:134:20)
501 verbose stack     at /usr/share/npm/node_modules/iferr/index.js:13:50
502 verbose cwd /alx-react/0x00-Webpack/task_0
503 error Linux 5.4.0-1049-aws
504 error argv "/usr/bin/node" "/usr/bin/npm" "install" "webpack" "webpack-cli" "--save-dev"
505 error node v8.10.0
506 error npm  v3.5.2
507 error code EMISSINGARG
508 error typeerror Error: Missing required argument #1
508 error typeerror     at andLogAndFinish (/usr/share/npm/lib/fetch-package-metadata.js:31:3)
508 error typeerror     at fetchPackageMetadata (/usr/share/npm/lib/fetch-package-metadata.js:51:22)
508 error typeerror     at resolveWithNewModule (/usr/share/npm/lib/install/deps.js:456:12)
508 error typeerror     at /usr/share/npm/lib/install/deps.js:457:7
508 error typeerror     at /usr/share/npm/node_modules/iferr/index.js:13:50
508 error typeerror     at /usr/share/npm/lib/fetch-package-metadata.js:37:12
508 error typeerror     at addRequestedAndFinish (/usr/share/npm/lib/fetch-package-metadata.js:82:5)
508 error typeerror     at returnAndAddMetadata (/usr/share/npm/lib/fetch-package-metadata.js:117:7)
508 error typeerror     at pickVersionFromRegistryDocument (/usr/share/npm/lib/fetch-package-metadata.js:134:20)
508 error typeerror     at /usr/share/npm/node_modules/iferr/index.js:13:50
509 error typeerror This is an error with npm itself. Please report this error at:
509 error typeerror     <http://github.com/npm/npm/issues>
510 verbose exit [ 1, true ]
